Detecting compiler hash for triplet x64-linux...
The following packages will be rebuilt:
  * brotli:x64-linux@1.1.0#1 -- /home/oscar/.cache/vcpkg/registries/git-trees/4e5b5ae1ad26c80535c893cc0307121f0398549e
  * bzip2[core,tool]:x64-linux@1.0.8#5 -- /home/oscar/.cache/vcpkg/registries/git-trees/92e9a8bbf1abbd89872b48ad82fcf75852de1006
  * egl-registry:x64-linux@2022-09-20 -- /home/oscar/.cache/vcpkg/registries/git-trees/e596b6c29ad16da764aab6f2fef830a3a884f14b
    fmt:x64-linux@10.1.1 -- /home/oscar/.cache/vcpkg/registries/git-trees/dfe9aa860f5a8317f341a21d317be1cf44e89f18
    freetype[brotli,bzip2,core,png,zlib]:x64-linux@2.12.1#4 -- /home/oscar/.cache/vcpkg/registries/git-trees/4e52babe5d382c3f9cdb1b8037874d78eceb3512
    glad[core,loader]:x64-linux@0.1.36 -- /home/oscar/.cache/vcpkg/registries/git-trees/fa93b14c1581057e1d14650f5f15c9b0757dd548
    glfw3:x64-linux@3.3.9 -- /home/oscar/.cache/vcpkg/registries/git-trees/347c2801030056251468ce87934b4e9b02c41741
  * libpng:x64-linux@1.6.40 -- /home/oscar/.cache/vcpkg/registries/git-trees/1a2a7f489e57c9e55e049b7c5f0a28c8ff4464ed
  * opengl-registry:x64-linux@2022-09-29#1 -- /home/oscar/.cache/vcpkg/registries/git-trees/367e1502c966f1df0656bdea115989650d01a781
  * vcpkg-cmake:x64-linux@2023-05-04 -- /home/oscar/.cache/vcpkg/registries/git-trees/88a7058fc7fa73a9c4c99cfcae9d79e2abf87a5a
  * vcpkg-cmake-config:x64-linux@2022-02-06#1 -- /home/oscar/.cache/vcpkg/registries/git-trees/8d54cc4f487d51b655abec5f9c9c3f86ca83311f
  * zlib:x64-linux@1.3 -- /home/oscar/.cache/vcpkg/registries/git-trees/5ac18c6e6e3e2bf5a9e3d0bc8a845f198e4c4e05
Additional packages (*) will be modified to complete this operation.
Restored 0 package(s) from /home/oscar/.cache/vcpkg/archives in 625 us. Use --debug to see more details.
Removing 1/24 freetype:x64-linux
Elapsed time to handle freetype:x64-linux: 5.87 ms
Removing 2/24 brotli:x64-linux
Elapsed time to handle brotli:x64-linux: 4.37 ms
Removing 3/24 bzip2:x64-linux
Elapsed time to handle bzip2:x64-linux: 1.74 ms
Removing 4/24 libpng:x64-linux
Elapsed time to handle libpng:x64-linux: 1.7 ms
Removing 5/24 zlib:x64-linux
Elapsed time to handle zlib:x64-linux: 923 us
Removing 6/24 glfw3:x64-linux
Elapsed time to handle glfw3:x64-linux: 1.17 ms
Removing 7/24 glad:x64-linux
Elapsed time to handle glad:x64-linux: 1.47 ms
Removing 8/24 opengl-registry:x64-linux
Elapsed time to handle opengl-registry:x64-linux: 3.26 ms
Removing 9/24 egl-registry:x64-linux
Elapsed time to handle egl-registry:x64-linux: 1.58 ms
Removing 10/24 fmt:x64-linux
Elapsed time to handle fmt:x64-linux: 1.69 ms
Removing 11/24 vcpkg-cmake:x64-linux
Elapsed time to handle vcpkg-cmake:x64-linux: 889 us
Removing 12/24 vcpkg-cmake-config:x64-linux
Elapsed time to handle vcpkg-cmake-config:x64-linux: 825 us
Installing 13/24 vcpkg-cmake-config:x64-linux@2022-02-06#1...
Building vcpkg-cmake-config:x64-linux@2022-02-06#1...
-- Installing port from location: /home/oscar/.cache/vcpkg/registries/git-trees/8d54cc4f487d51b655abec5f9c9c3f86ca83311f
-- Installing: /home/oscar/Documents/Informatik/wave/vcpkg/packages/vcpkg-cmake-config_x64-linux/share/vcpkg-cmake-config/vcpkg_cmake_config_fixup.cmake
-- Installing: /home/oscar/Documents/Informatik/wave/vcpkg/packages/vcpkg-cmake-config_x64-linux/share/vcpkg-cmake-config/vcpkg-port-config.cmake
-- Installing: /home/oscar/Documents/Informatik/wave/vcpkg/packages/vcpkg-cmake-config_x64-linux/share/vcpkg-cmake-config/copyright
-- Performing post-build validation
Stored binaries in 1 destinations in 15.9 ms.
Elapsed time to handle vcpkg-cmake-config:x64-linux: 60.8 ms
vcpkg-cmake-config:x64-linux package ABI: 3396a14d36127d6ebbd6a252cff1900755f6a41f4ae874067fb4f42e9d81c0a2
Installing 14/24 vcpkg-cmake:x64-linux@2023-05-04...
Building vcpkg-cmake:x64-linux@2023-05-04...
-- Installing port from location: /home/oscar/.cache/vcpkg/registries/git-trees/88a7058fc7fa73a9c4c99cfcae9d79e2abf87a5a
-- Installing: /home/oscar/Documents/Informatik/wave/vcpkg/packages/vcpkg-cmake_x64-linux/share/vcpkg-cmake/vcpkg_cmake_configure.cmake
-- Installing: /home/oscar/Documents/Informatik/wave/vcpkg/packages/vcpkg-cmake_x64-linux/share/vcpkg-cmake/vcpkg_cmake_build.cmake
-- Installing: /home/oscar/Documents/Informatik/wave/vcpkg/packages/vcpkg-cmake_x64-linux/share/vcpkg-cmake/vcpkg_cmake_install.cmake
-- Installing: /home/oscar/Documents/Informatik/wave/vcpkg/packages/vcpkg-cmake_x64-linux/share/vcpkg-cmake/vcpkg-port-config.cmake
-- Installing: /home/oscar/Documents/Informatik/wave/vcpkg/packages/vcpkg-cmake_x64-linux/share/vcpkg-cmake/copyright
-- Performing post-build validation
Stored binaries in 1 destinations in 13.8 ms.
Elapsed time to handle vcpkg-cmake:x64-linux: 63.2 ms
vcpkg-cmake:x64-linux package ABI: 2c88e0cd9c450b85d064943158cd23855d4fcb13d4977e451ccff197518d3403
Installing 15/24 fmt:x64-linux@10.1.1...
Building fmt:x64-linux@10.1.1...
-- Installing port from location: /home/oscar/.cache/vcpkg/registries/git-trees/dfe9aa860f5a8317f341a21d317be1cf44e89f18
-- Downloading https://github.com/fmtlib/fmt/archive/10.1.1.tar.gz -> fmtlib-fmt-10.1.1.tar.gz...
-- Extracting source /home/oscar/Documents/Informatik/wave/vcpkg/downloads/fmtlib-fmt-10.1.1.tar.gz
-- Applying patch fix-write-batch.patch
-- Applying patch fix-format-conflict.patch
-- Using source at /home/oscar/Documents/Informatik/wave/vcpkg/buildtrees/fmt/src/10.1.1-281bbdd8af.clean
-- Found external ninja('1.11.1').
-- Configuring x64-linux
-- Building x64-linux-dbg
-- Building x64-linux-rel
-- Fixing pkgconfig file: /home/oscar/Documents/Informatik/wave/vcpkg/packages/fmt_x64-linux/lib/pkgconfig/fmt.pc
-- Fixing pkgconfig file: /home/oscar/Documents/Informatik/wave/vcpkg/packages/fmt_x64-linux/debug/lib/pkgconfig/fmt.pc
-- Installing: /home/oscar/Documents/Informatik/wave/vcpkg/packages/fmt_x64-linux/share/fmt/usage
-- Installing: /home/oscar/Documents/Informatik/wave/vcpkg/packages/fmt_x64-linux/share/fmt/copyright
-- Performing post-build validation
Stored binaries in 1 destinations in 124 ms.
Elapsed time to handle fmt:x64-linux: 54 s
fmt:x64-linux package ABI: fe0df3c3cb48a49d77ebb7fc55b3554c9b4ddd8b411f6896d5f11329d9aa32dc
Installing 16/24 zlib:x64-linux@1.3...
Building zlib:x64-linux@1.3...
-- Installing port from location: /home/oscar/.cache/vcpkg/registries/git-trees/5ac18c6e6e3e2bf5a9e3d0bc8a845f198e4c4e05
-- Using cached madler-zlib-v1.3.tar.gz.
-- Cleaning sources at /home/oscar/Documents/Informatik/wave/vcpkg/buildtrees/zlib/src/v1.3-8825ee792f.clean. Use --editable to skip cleaning for the packages you specify.
-- Extracting source /home/oscar/Documents/Informatik/wave/vcpkg/downloads/madler-zlib-v1.3.tar.gz
-- Applying patch 0001-Prevent-invalid-inclusions-when-HAVE_-is-set-to-0.patch
-- Applying patch 0002-skip-building-examples.patch
-- Applying patch 0003-build-static-or-shared-not-both.patch
-- Applying patch 0004-android-and-mingw-fixes.patch
-- Using source at /home/oscar/Documents/Informatik/wave/vcpkg/buildtrees/zlib/src/v1.3-8825ee792f.clean
-- Found external ninja('1.11.1').
-- Configuring x64-linux
-- Building x64-linux-dbg
-- Building x64-linux-rel
-- Installing: /home/oscar/Documents/Informatik/wave/vcpkg/packages/zlib_x64-linux/share/zlib/vcpkg-cmake-wrapper.cmake
-- Fixing pkgconfig file: /home/oscar/Documents/Informatik/wave/vcpkg/packages/zlib_x64-linux/lib/pkgconfig/zlib.pc
-- Fixing pkgconfig file: /home/oscar/Documents/Informatik/wave/vcpkg/packages/zlib_x64-linux/debug/lib/pkgconfig/zlib.pc
-- Installing: /home/oscar/Documents/Informatik/wave/vcpkg/packages/zlib_x64-linux/share/zlib/copyright
-- Performing post-build validation
Stored binaries in 1 destinations in 56.6 ms.
Elapsed time to handle zlib:x64-linux: 4.2 s
zlib:x64-linux package ABI: 491b349faad3013b43fd3c4dc92211552cf2a2605adbf51bb2c1c04606de8949
Installing 17/24 libpng:x64-linux@1.6.40...
Building libpng:x64-linux@1.6.40...
-- Installing port from location: /home/oscar/.cache/vcpkg/registries/git-trees/1a2a7f489e57c9e55e049b7c5f0a28c8ff4464ed
-- Using cached glennrp-libpng-v1.6.40.tar.gz.
-- Cleaning sources at /home/oscar/Documents/Informatik/wave/vcpkg/buildtrees/libpng/src/v1.6.40-41798b36cb.clean. Use --editable to skip cleaning for the packages you specify.
-- Extracting source /home/oscar/Documents/Informatik/wave/vcpkg/downloads/glennrp-libpng-v1.6.40.tar.gz
-- Applying patch cmake.patch
-- Applying patch fix-export-targets.patch
-- Applying patch pkgconfig.patch
-- Applying patch fix-msa-support-for-mips.patch
-- Using source at /home/oscar/Documents/Informatik/wave/vcpkg/buildtrees/libpng/src/v1.6.40-41798b36cb.clean
-- Found external ninja('1.11.1').
-- Configuring x64-linux
-- Building x64-linux-dbg
-- Building x64-linux-rel
-- Installing: /home/oscar/Documents/Informatik/wave/vcpkg/packages/libpng_x64-linux/share/png/vcpkg-cmake-wrapper.cmake
-- Fixing pkgconfig file: /home/oscar/Documents/Informatik/wave/vcpkg/packages/libpng_x64-linux/lib/pkgconfig/libpng16.pc
-- Fixing pkgconfig file: /home/oscar/Documents/Informatik/wave/vcpkg/packages/libpng_x64-linux/debug/lib/pkgconfig/libpng16.pc
-- Installing: /home/oscar/Documents/Informatik/wave/vcpkg/packages/libpng_x64-linux/debug/lib/pkgconfig/libpng.pc
-- Installing: /home/oscar/Documents/Informatik/wave/vcpkg/packages/libpng_x64-linux/lib/pkgconfig/libpng.pc
-- Installing: /home/oscar/Documents/Informatik/wave/vcpkg/packages/libpng_x64-linux/share/libpng/usage
-- Installing: /home/oscar/Documents/Informatik/wave/vcpkg/packages/libpng_x64-linux/share/libpng/copyright
-- Performing post-build validation
Stored binaries in 1 destinations in 150 ms.
Elapsed time to handle libpng:x64-linux: 7.3 s
libpng:x64-linux package ABI: e81aaa8c3108d176117291a212662ed1fd5ee5cb8d5caad1417cf9fb994fda62
Installing 18/24 bzip2[core,tool]:x64-linux@1.0.8#5...
Building bzip2[core,tool]:x64-linux@1.0.8#5...
-- Installing port from location: /home/oscar/.cache/vcpkg/registries/git-trees/92e9a8bbf1abbd89872b48ad82fcf75852de1006
-- Using cached bzip2-1.0.8.tar.gz.
-- Cleaning sources at /home/oscar/Documents/Informatik/wave/vcpkg/buildtrees/bzip2/src/bzip2-1-336d4794a3.clean. Use --editable to skip cleaning for the packages you specify.
-- Extracting source /home/oscar/Documents/Informatik/wave/vcpkg/downloads/bzip2-1.0.8.tar.gz
-- Applying patch fix-import-export-macros.patch
-- Using source at /home/oscar/Documents/Informatik/wave/vcpkg/buildtrees/bzip2/src/bzip2-1-336d4794a3.clean
-- Found external ninja('1.11.1').
-- Configuring x64-linux
-- Building x64-linux-dbg
-- Building x64-linux-rel
-- Fixing pkgconfig file: /home/oscar/Documents/Informatik/wave/vcpkg/packages/bzip2_x64-linux/lib/pkgconfig/bzip2.pc
-- Fixing pkgconfig file: /home/oscar/Documents/Informatik/wave/vcpkg/packages/bzip2_x64-linux/debug/lib/pkgconfig/bzip2.pc
-- Installing: /home/oscar/Documents/Informatik/wave/vcpkg/packages/bzip2_x64-linux/share/bzip2/copyright
-- Performing post-build validation
Stored binaries in 1 destinations in 49.3 ms.
Elapsed time to handle bzip2:x64-linux: 8.3 s
bzip2:x64-linux package ABI: 2f73246024b68a6c13dcf7e34a4c1818f963aaf50f528f9f7153b05818958dd3
Installing 19/24 brotli:x64-linux@1.1.0#1...
Building brotli:x64-linux@1.1.0#1...
-- Installing port from location: /home/oscar/.cache/vcpkg/registries/git-trees/4e5b5ae1ad26c80535c893cc0307121f0398549e
-- Using cached google-brotli-v1.1.0.tar.gz.
-- Cleaning sources at /home/oscar/Documents/Informatik/wave/vcpkg/buildtrees/brotli/src/v1.1.0-958bece74c.clean. Use --editable to skip cleaning for the packages you specify.
-- Extracting source /home/oscar/Documents/Informatik/wave/vcpkg/downloads/google-brotli-v1.1.0.tar.gz
-- Applying patch install.patch
-- Applying patch fix-arm-uwp.patch
-- Applying patch pkgconfig.patch
-- Applying patch emscripten.patch
-- Using source at /home/oscar/Documents/Informatik/wave/vcpkg/buildtrees/brotli/src/v1.1.0-958bece74c.clean
-- Found external ninja('1.11.1').
-- Configuring x64-linux
-- Building x64-linux-dbg
-- Building x64-linux-rel
-- Fixing pkgconfig file: /home/oscar/Documents/Informatik/wave/vcpkg/packages/brotli_x64-linux/lib/pkgconfig/libbrotlicommon.pc
-- Fixing pkgconfig file: /home/oscar/Documents/Informatik/wave/vcpkg/packages/brotli_x64-linux/lib/pkgconfig/libbrotlidec.pc
-- Fixing pkgconfig file: /home/oscar/Documents/Informatik/wave/vcpkg/packages/brotli_x64-linux/lib/pkgconfig/libbrotlienc.pc
-- Fixing pkgconfig file: /home/oscar/Documents/Informatik/wave/vcpkg/packages/brotli_x64-linux/debug/lib/pkgconfig/libbrotlicommon.pc
-- Fixing pkgconfig file: /home/oscar/Documents/Informatik/wave/vcpkg/packages/brotli_x64-linux/debug/lib/pkgconfig/libbrotlidec.pc
-- Fixing pkgconfig file: /home/oscar/Documents/Informatik/wave/vcpkg/packages/brotli_x64-linux/debug/lib/pkgconfig/libbrotlienc.pc
-- Installing: /home/oscar/Documents/Informatik/wave/vcpkg/packages/brotli_x64-linux/share/brotli/usage
-- Installing: /home/oscar/Documents/Informatik/wave/vcpkg/packages/brotli_x64-linux/share/brotli/copyright
-- Performing post-build validation
Stored binaries in 1 destinations in 705 ms.
Elapsed time to handle brotli:x64-linux: 18 s
brotli:x64-linux package ABI: 40c240207b3f5a5a9f9b68a6dc6e4318836b3fb5cbd847355ed6eed95c69b125
Installing 20/24 freetype[brotli,bzip2,core,png,zlib]:x64-linux@2.12.1#4...
Building freetype[brotli,bzip2,core,png,zlib]:x64-linux@2.12.1#4...
-- Installing port from location: /home/oscar/.cache/vcpkg/registries/git-trees/4e52babe5d382c3f9cdb1b8037874d78eceb3512
-- Using cached freetype-2.12.1.tar.xz.
-- Cleaning sources at /home/oscar/Documents/Informatik/wave/vcpkg/buildtrees/freetype/src/freetype-2-62ce70eb82.clean. Use --editable to skip cleaning for the packages you specify.
-- Extracting source /home/oscar/Documents/Informatik/wave/vcpkg/downloads/freetype-2.12.1.tar.xz
-- Applying patch 0003-Fix-UWP.patch
-- Applying patch brotli-static.patch
-- Applying patch bzip2.patch
-- Applying patch fix-exports.patch
-- Applying patch error-strings.patch
-- Using source at /home/oscar/Documents/Informatik/wave/vcpkg/buildtrees/freetype/src/freetype-2-62ce70eb82.clean
-- Found external ninja('1.11.1').
-- Configuring x64-linux
-- Building x64-linux-dbg
-- Building x64-linux-rel
-- Fixing pkgconfig file: /home/oscar/Documents/Informatik/wave/vcpkg/packages/freetype_x64-linux/lib/pkgconfig/freetype2.pc
-- Fixing pkgconfig file: /home/oscar/Documents/Informatik/wave/vcpkg/packages/freetype_x64-linux/debug/lib/pkgconfig/freetype2.pc
-- Installing: /home/oscar/Documents/Informatik/wave/vcpkg/packages/freetype_x64-linux/share/freetype/usage
-- Performing post-build validation
Stored binaries in 1 destinations in 395 ms.
Elapsed time to handle freetype:x64-linux: 17 s
freetype:x64-linux package ABI: 9055c54636edd113eba18e853819cd429418c2a780ac4dddc0801b959dc4c738
Installing 21/24 egl-registry:x64-linux@2022-09-20...
Building egl-registry:x64-linux@2022-09-20...
-- Installing port from location: /home/oscar/.cache/vcpkg/registries/git-trees/e596b6c29ad16da764aab6f2fef830a3a884f14b
-- Using cached KhronosGroup-EGL-Registry-af97e2c27b49a090a335fc6ed5040c780ad9fec8.tar.gz.
-- Cleaning sources at /home/oscar/Documents/Informatik/wave/vcpkg/buildtrees/egl-registry/src/780ad9fec8-51aa70c4bd.clean. Use --editable to skip cleaning for the packages you specify.
-- Extracting source /home/oscar/Documents/Informatik/wave/vcpkg/downloads/KhronosGroup-EGL-Registry-af97e2c27b49a090a335fc6ed5040c780ad9fec8.tar.gz
-- Using source at /home/oscar/Documents/Informatik/wave/vcpkg/buildtrees/egl-registry/src/780ad9fec8-51aa70c4bd.clean
-- Installing: /home/oscar/Documents/Informatik/wave/vcpkg/packages/egl-registry_x64-linux/share/egl-registry/copyright
-- Performing post-build validation
Stored binaries in 1 destinations in 16.2 ms.
Elapsed time to handle egl-registry:x64-linux: 169 ms
egl-registry:x64-linux package ABI: 410e9f2ccc0aa42500b93998e5331f22511e7d6e31be09fc29d47d4a9ed0e123
Installing 22/24 opengl-registry:x64-linux@2022-09-29#1...
Building opengl-registry:x64-linux@2022-09-29#1...
-- Installing port from location: /home/oscar/.cache/vcpkg/registries/git-trees/367e1502c966f1df0656bdea115989650d01a781
-- Using cached KhronosGroup-OpenGL-Registry-5bae8738b23d06968e7c3a41308568120943ae77.tar.gz.
-- Cleaning sources at /home/oscar/Documents/Informatik/wave/vcpkg/buildtrees/opengl-registry/src/120943ae77-d1a12ea691.clean. Use --editable to skip cleaning for the packages you specify.
-- Extracting source /home/oscar/Documents/Informatik/wave/vcpkg/downloads/KhronosGroup-OpenGL-Registry-5bae8738b23d06968e7c3a41308568120943ae77.tar.gz
-- Using source at /home/oscar/Documents/Informatik/wave/vcpkg/buildtrees/opengl-registry/src/120943ae77-d1a12ea691.clean
-- Installing: /home/oscar/Documents/Informatik/wave/vcpkg/packages/opengl-registry_x64-linux/share/opengl-registry/copyright
-- Performing post-build validation
Stored binaries in 1 destinations in 149 ms.
Elapsed time to handle opengl-registry:x64-linux: 2.5 s
opengl-registry:x64-linux package ABI: df75da932bb7fb74add87a862e4ced28dedd71902431d920891798e23bae0fa6
Installing 23/24 glad[core,loader]:x64-linux@0.1.36...
Building glad[core,loader]:x64-linux@0.1.36...
-- Installing port from location: /home/oscar/.cache/vcpkg/registries/git-trees/fa93b14c1581057e1d14650f5f15c9b0757dd548
-- Using cached Dav1dde-glad-1ecd45775d96f35170458e6b148eb0708967e402.tar.gz.
-- Cleaning sources at /home/oscar/Documents/Informatik/wave/vcpkg/buildtrees/glad/src/708967e402-274d415499.clean. Use --editable to skip cleaning for the packages you specify.
-- Extracting source /home/oscar/Documents/Informatik/wave/vcpkg/downloads/Dav1dde-glad-1ecd45775d96f35170458e6b148eb0708967e402.tar.gz
-- Applying patch encoding.patch
-- Applying patch find_python.patch
-- Using source at /home/oscar/Documents/Informatik/wave/vcpkg/buildtrees/glad/src/708967e402-274d415499.clean
-- This version of glad uses the compatibility profile. To use the core profile instead, create an overlay port of this with GLAD_PROFILE set to 'core' or set GLAD_PROFILE to 'core' in a custom triplet.
-- This recipe is at /home/oscar/.cache/vcpkg/registries/git-trees/fa93b14c1581057e1d14650f5f15c9b0757dd548
-- See the overlay ports documentation at https://github.com/microsoft/vcpkg/blob/master/docs/specifications/ports-overlay.md
-- Found external ninja('1.11.1').
-- Configuring x64-linux
-- Building x64-linux-dbg
-- Building x64-linux-rel
-- Installing: /home/oscar/Documents/Informatik/wave/vcpkg/packages/glad_x64-linux/share/glad/copyright
-- Performing post-build validation
Stored binaries in 1 destinations in 105 ms.
Elapsed time to handle glad:x64-linux: 5.7 s
glad:x64-linux package ABI: 7ef5092ab62df2b9ef3babdd28f7d23b2bfe2bef762b5801f5588c83d5894949
Installing 24/24 glfw3:x64-linux@3.3.9...
Building glfw3:x64-linux@3.3.9...
-- Installing port from location: /home/oscar/.cache/vcpkg/registries/git-trees/347c2801030056251468ce87934b4e9b02c41741
-- Using cached glfw-glfw-3.3.9.tar.gz.
-- Cleaning sources at /home/oscar/Documents/Informatik/wave/vcpkg/buildtrees/glfw3/src/3.3.9-5e1d739809.clean. Use --editable to skip cleaning for the packages you specify.
-- Extracting source /home/oscar/Documents/Informatik/wave/vcpkg/downloads/glfw-glfw-3.3.9.tar.gz
-- Using source at /home/oscar/Documents/Informatik/wave/vcpkg/buildtrees/glfw3/src/3.3.9-5e1d739809.clean
GLFW3 currently requires the following libraries from the system package manager:
    xinerama
    xcursor
    xorg
    libglu1-mesa
    pkg-config

These can be installed on Ubuntu systems via sudo apt install libxinerama-dev libxcursor-dev xorg-dev libglu1-mesa-dev pkg-config

Alternatively, when targeting the Wayland display server, use the packages listed in the GLFW documentation here:

https://www.glfw.org/docs/3.3/compile.html#compile_deps_wayland
-- Found external ninja('1.11.1').
-- Configuring x64-linux
-- Building x64-linux-dbg
-- Building x64-linux-rel
-- Fixing pkgconfig file: /home/oscar/Documents/Informatik/wave/vcpkg/packages/glfw3_x64-linux/lib/pkgconfig/glfw3.pc
-- Fixing pkgconfig file: /home/oscar/Documents/Informatik/wave/vcpkg/packages/glfw3_x64-linux/debug/lib/pkgconfig/glfw3.pc
-- Installing: /home/oscar/Documents/Informatik/wave/vcpkg/packages/glfw3_x64-linux/share/glfw3/copyright
-- Performing post-build validation
Stored binaries in 1 destinations in 135 ms.
Elapsed time to handle glfw3:x64-linux: 6.3 s
glfw3:x64-linux package ABI: 47a6184fec19559c9adf65de8da8438f2db515158602cbc92f2e7c37494c7b1e
Total install time: 2.1 min
The package fmt provides CMake targets:

    find_package(fmt CONFIG REQUIRED)
    target_link_libraries(main PRIVATE fmt::fmt)

    # Or use the header-only version
    find_package(fmt CONFIG REQUIRED)
    target_link_libraries(main PRIVATE fmt::fmt-header-only)

freetype is compatible with built-in CMake targets:

    find_package(Freetype REQUIRED)
    target_link_libraries(main PRIVATE Freetype::Freetype) # since CMake 3.10

glad provides CMake targets:

  # this is heuristically generated, and may not be correct
  find_package(glad CONFIG REQUIRED)
  target_link_libraries(main PRIVATE glad::glad)

glfw3 provides CMake targets:

  # this is heuristically generated, and may not be correct
  find_package(glfw3 CONFIG REQUIRED)
  target_link_libraries(main PRIVATE glfw)

glfw3 provides pkg-config modules:

    # A multi-platform library for OpenGL, window and input
    glfw3

